<?xml version="1.0" encoding="UTF-8"?>
<testng-results skipped="0" failed="0" total="1" passed="1">
  <reporter-output>
  </reporter-output>
  <suite name="Default suite" duration-ms="24785" started-at="2019-07-12T07:46:28Z" finished-at="2019-07-12T07:46:53Z">
    <groups>
    </groups>
    <test name="Default test" duration-ms="24785" started-at="2019-07-12T07:46:28Z" finished-at="2019-07-12T07:46:53Z">
      <class name="com.inetBankingV01.TestCases.LoginPageTestcase">
        <test-method status="PASS" signature="initialization()[pri:0, instance:com.inetBankingV01.TestCases.LoginPageTestcase@357246de]" name="initialization" is-config="true" duration-ms="21158" started-at="2019-07-12T13:16:28Z" finished-at="2019-07-12T13:16:49Z">
          <reporter-output>
          </reporter-output>
        </test-method> <!-- initialization -->
        <test-method status="PASS" signature="loginPage()[pri:0, instance:com.inetBankingV01.TestCases.LoginPageTestcase@357246de]" name="loginPage" duration-ms="3612" started-at="2019-07-12T13:16:49Z" finished-at="2019-07-12T13:16:53Z">
          <reporter-output>
          </reporter-output>
        </test-method> <!-- loginPage -->
      </class> <!-- com.inetBankingV01.TestCases.LoginPageTestcase -->
    </test> <!-- Default test -->
  </suite> <!-- Default suite -->
</testng-results>
